










































































































































































































































































































































































































































































































































































































































































































































































































































































































































































































































































































































































































⏻
⭘
⏽
⏾
⏼






































𣏕



﮺




㮝


ﳾ




ﳿ


אָ
אּ






䀘

䀹


ﲌ

ﲍ



ﮌ




𥉉
﮻

ﱥ

﮼
ﴀ


𥳐







ﲎ

ﮰ
﮽
𧻓



בּ
גּ
דּ
הּ
וּ


ﬓ
ﲏ









ﬔ

ﲐ
ﲑ
ﲒ
ﲓ

ﰬ
ﰭ
ﰮ



﮾



ﬕ

ﲔ
ﲕ
ﲖ
ﲗ

ﰯ
ﰰ
ﰱ



﮿




ﰲ
ﰳ
ﰴ



﯀






ﰵ
ﰶ
ﰷ



﯁



ﴁ

﯂

ﴂ
ﱦ






ﴃ

ﮍ



ﭳ









ﴄ



















ﴅ
ﴆ
ﴇ
ﴈ
ﴉ
ﴊ
ﴋ
ﴌ
ﴍ
ﴎ
ﴏ
ﴐ







ﮎ


















ﴑ
















ﮏ
﯃


齃



龎

﫚
ﲘ
ﲙ








﫛
﯄












ﭶ
ﬖ



זּ
ﬗ



ﴒ











﬘



﫜

ﲚ
ﲛ
ﲜ
ﲝ
ﲞ












ﮐ
ﭷ













ﮑ



ﲟ

ﲠ
ﲡ
ﲢ
ﲣ
﫞





ﰸ
﫡

ﲤ



ﲥ
ﲦ
ﲧ
ﲨ
ﲩ
ﲪ

ﲫ
﬷
טּ
יּ
﯅


ﭪ









ﲈ


ﲬ
ﱧ








ﴓ





ﱨ
﫢
ﲭ
ﲮ
ﭫ


ﱩ
ﲯ

ﭬ
ﭭ


﫟
﫠









ךּ
כּ


לּ
﬽











ﲰ
ﲱ
ﲲ
﬙

ﱣ
ﱤ








﯆

ﱏ



鬒













﯇


ﲳ







מּ
ﲴ

ﴔ













ﮒ


﯈


ﮓ
﬿













ﴕ

﫝







ﲵ

﯉






ﴖ
﬚




﫥
ﲶ





﫣
ﭴ





ﮔ









﫤


ﲷ
ﲸ
ﲹ



ﲺ
ﲻ


ﲼ

ﲽ

ﭸ




﫦






ﱪ
ﱫ



ﮁ
﯊
﫧
ﴗ
﫨



ﲾ



ﮕ

﬛







ﱭ
﫩
﫪
﫫
﫬
ﱬ
﬜
ﲿ

נּ
ﭮ
﫭





ﮂ

ﮖ
ﮗ
ﮱ

ﳀ
ﴘ
ﴙ
ﴚ

ﳁ

ﳂ
ﮘ

ﯲ












ﳃ

﯋
﯌



ﳄ




﯍

﫮


﫯
﮲


ﮙ

ﮚ










סּ





﫰
ﳅ






﯏
﯎


﭂
ףּ





ﴛ

﯐

﯑


ﰹ










﬒








ﴜ
ﱐ



ﭯ

פּ












ﴝ
﯒












ﴞ

ﯓ
ﭹ









ﴟ













ﱮ



ﮛ




ﳆ
﫱
﫲




ﳇ
ﱑ



ﱒ

ﱓ
﭅



ﮜ




ﯔ










יִ
ﬞ
ײַ




難
靖


ﱔ

ﯕ


ﯖ

ﱕ
ﮨ
ﮝ








﫳

ﬠ
ﬡ
ﬢ





ﴠ






ﳈ





ﯗ
ﯘ
צּ








ﳉ
ﰺ
ﰻ
ﰼ
ﰽ
ﰾ
ﰿ
ﱀ
ﱁ





ﯙ








ﴡ
ﮄ

ﳊ
ﳋ











ﴢ
ﯚ
﫴


ﯛ






ﮞ
קּ

ﱖ


ﱯ



ﴣ
ﬣ
ﮃ






ﳌ








ﯝ
ﯜ
ﯞ
ﱗ

﫵

ﲉ

ﬤ
ﯳ

ﯟ

ﳍ
﫶



ﴤ
ﳎ
ﳏ
ﳐ
ﴥ
﫷

ﮟ

ﯠ
ﯡ




ﴦ



ﴧ


רּ
שּ
תּ
וֹ
בֿ

龜
ﱂ
ﴨ

















ﴩ

ﮅ


﫸
ﯢ


כֿ




ﭵ



ﬥ
ﴪ

﫹














ﱃ



ﴫ
ﬦ
﮳




ﭰ
ﭱ


ﳑ





ﳒ
ﯣ
ﯤ



ﯥ


聾

ﳓ


פֿ




ﳔ








ﯦ
ﯧ








ﱰ




ﯨ
﫺
ﱱ
ﳕ
ﳖ

﫻

﫼

ﯩ






ﯪ

ﯫ

ﯬ



ﭏ


ﳗ
ﭐ



ﭑ




ﬧ

ﯭ




﮴



﮵


ﮠ
ﮡ



ﭒ



ﯮ
ﯯ



ﬨ
ﳘ
ﳙ
ﳚ






ﭓ




ﯰ



﬩
ﳛ








ﭔ
ﭕ

ﳜ


ﳝ
ﳞ
ﱘ




﫽
﫾






ﱙ



頻



ﱄ
ﯱ





ﱲ
ﳟ


﮶
﮷




ﴬ

ﯵ
ﮢ
ﳠ


































ﯶ

ﭺ


ﯷ
ﱳ






ﱅ
頋













﫿
ﬀ
ﯸ
ﯹ
ﯺ
ﯻ
ﯼ












ﳡ






ﭖ




ﯽ
ﱴ


ﯾ
ﯿ

ﳢ
ﱆ



ﬁ






ﭗ



ﭘ
ﴭ




ﭻ
豈
更
ﰀ
車
賈
滑
串
句
龜
ﳣ
ﳤ
ﰁ
龜
﮹
契
金
喇
奈
懶
癩
陼
羅
蘿
螺
裸
邏
﮸
樂
洛
ﰂ
烙
珞
落
酪
駱
ﰃ
亂
卵
ﴮ
欄
爛
蘭
鸞
ﬅ
嵐
ﭙ
ﭚ
濫
藍
襤
ﮣ
ﮤ
拉
臘
ﳥ
ﳦ
ﳧ
ﰄ
蠟
廊
朗
浪
狼
ﰅ
ﬂ
ﬃ
郎
來
冷
ﮥ
勞
擄
ﬄ
櫓
爐
盧
老
蘆
虜
路
露
魯
鷺
碌
祿
綠
菉
錄
鹿
論
壟
弄
籠
ﰆ
牢
賂
雷
壘
屢
樓
淚
漏
累
縷
陋
勒
肋
凜
ﮆ
ﮇ
凌
稜
綾
菱
陵
讀
拏
樂
諾
ﰇ
ﮦ
丹
ﰈ
ﰉ
ﰊ
寧
ﳨ
ﳩ
怒
率
ﮧ
異
ﰋ
北
磻
便
復
不
ﬆ
泌
數
﬇
索
參
塞
ﰌ
省
葉
ﳪ
說
殺
﬈
辰
𢡄
沈
ﮩ
拾
若
掠
略
亮
兩
凉
ﰍ
梁
糧
良
諒
量
勵
呂
女
廬
ﮈ
旅
濾
礪
閭
驪
麗
ﱵ
黎
ﳫ
ﭛ
力
曆
歷
轢
年
憐
戀
撚
ﱶ
ﱷ
ﱸ
ﱹ
ﱺ
ﱻ
ﱼ
ﱽ
漣
煉
ﴯ
ﭜ
ﴰ
璉
ﭝ
ﭞ
ﭟ
秊
練
聯
ﱾ
輦
ﴱ
蓮
連
ﰎ
ﰏ
鍊
列
劣
咽
烈
שׁ
裂
ﱿ
ﲀ
說
ﰐ
ﰑ
ﰒ
ﰓ
ﰔ
ﲁ
﬉
廉
念
捻
殮
簾
獵
令
囹
寧
嶺
怜
ﭠ
ﭡ
玲
ﭢ
ﭣ
ﮊ
瑩
羚
聆
鈴
零
靈
領
例
ﰕ
禮
醴
ﴲ
隸
ﮋ
惡
了
僚
寮
尿
料
樂
שׂ
ﰖ
ﰗ
ﰘ
ﰙ
ﰚ
ﰛ
ﰜ
燎
שּׁ
療
ﳬ
蓼
遼
ﰝ
龍
暈
阮
劉
杻
ﭤ
ﱢ
柳
流
ﱡ
ﲂ
溜
﬊
ﰞ
琉
ﳭ
留
硫
紐
類
六
戮
陸
倫
崙
淪
輪
律
𢡊
ﲃ
慄
栗
ﭥ
ﭦ
率
隆
利
﬋
﬌
ﮪ
吏
ﲄ
履
醙
ﳮ
ﳯ
ﳰ
ﳱ
ﰟ
易
李
梨
泥
理
ﲅ
痢
罹
裏
裡
ﱚ
里
離
ﴳ
匿
溺
吝
燐
璘
藺
ﴴ
ﴵ
隣
鱗
麟
林
ﴶ
淋
臨
立
ﱠ
笠
粒
ﮉ
狀
炙
ﰠ
ﰡ
識
什
茶
刺
切
度
ﴷ
ﳲ
ﴸ
拓
ﴹ
糖
宅
洞
暴
輻
行
ﭧ
ﭨ
降
見
﬍
ﳳ
廓
兀
嗀
﨎
﨏
ﳴ
ﳵ
塚
﨑
晴
﨓
﨔
凞
猪
益
ﰢ
礼
ﰣ
神
祥
福
靖
精
羽
ﮫ
ﲊ
﨟
蘒
﨡
諸
﨣
﨤
逸
都
﨧
﨨
﨩
ﭿ
ﮀ
ﴺ
ﳶ
飯
飼
館
鶴
郞
隷
ﮬ
韛
ﰤ
侮
僧
免
勉
勤
卑
喝
嘆
器
塀
墨
層
屮
悔
ﲆ
ﰥ
慨
憎
懲
敏
שּׂ
ﭩ
既
暑
梅
海
渚
ﱇ
漢
ﳷ
煮
爫
琢
碑
社
祉
ﱞ
祈
ﱟ
祐
ﮭ
祖
ﮮ
祝
ﴻ
ﯴ
禍
ﳸ
ﳹ
ﳺ
禎
穀
突
節
練
縉
繁
署
者
臭
艹
艹
著
褐
ﱈ
鉶
視

謁
謹
勺
賓
贈
辶
ﳻ
ﴼ
ﴽ
﴾
﴿
﵀
逸
難
響
頻
恵
𤋮
舘
﵁
﩮
﩯
並
况
全
ﰦ
侀
ﰧ
充
冀
勇
﬎
﬏
喝
啕
喙
嗢
響
塚
墳
奄
奔
ﱜ
ﱝ
婢
ﱛ
嬨
﵂
廒
ﳼ
廙
彩
徭
惘
慎
ﰨ
愈
憎
慠
ﮯ
懲
戴
揄
搜
﬑
ﲋ
摒
敖
晴
朗
ﭼ
望
杖
歹
殺
流
ﭽ
滛
滋
漢
瀞
煮
瞧
爵
犯
אַ
ﰩ
﬐
猪
瑱
甆
画
瘝
瘟
益
盛
ﰪ
直
睊
着
ﰫ
磌
窱
節
类
絛
練
缾
者
荒
華
蝹
襁
覆
﵃
﵄
ﭲ
視
調
ﱉ
ﱊ
ﱋ
ﱌ
ﱍ
ﱎ
諸
請
謁
諾
諭
謹
ﳽ
ﲇ
變
贈
ﭾ
﵅
﵆
輸
磊
遲













































































♥





























































































⚡































































































































































































































































































































